Feb 22 2024 19:19:40
{"Number":8192,"Message":"rtrim(): Passing null to parameter #1 ($string) of type string is deprecated","File":"C:\\xampp\\htdocs\\chicdressing_seo\\wp-includes\\formatting.php","Line":2831}

Feb 22 2024 19:19:40
{"Number":8192,"Message":"rtrim(): Passing null to parameter #1 ($string) of type string is deprecated","File":"C:\\xampp\\htdocs\\chicdressing_seo\\wp-includes\\formatting.php","Line":2831}

Feb 22 2024 19:19:40
{"Number":8192,"Message":"rtrim(): Passing null to parameter #1 ($string) of type string is deprecated","File":"C:\\xampp\\htdocs\\chicdressing_seo\\wp-includes\\formatting.php","Line":2831}

Feb 22 2024 19:19:40
{"Number":8192,"Message":"rtrim(): Passing null to parameter #1 ($string) of type string is deprecated","File":"C:\\xampp\\htdocs\\chicdressing_seo\\wp-includes\\formatting.php","Line":2831}

Feb 22 2024 19:19:40
{"Number":8192,"Message":"rtrim(): Passing null to parameter #1 ($string) of type string is deprecated","File":"C:\\xampp\\htdocs\\chicdressing_seo\\wp-includes\\formatting.php","Line":2831}

Feb 22 2024 19:19:40
{"Number":8192,"Message":"rtrim(): Passing null to parameter #1 ($string) of type string is deprecated","File":"C:\\xampp\\htdocs\\chicdressing_seo\\wp-includes\\formatting.php","Line":2831}

Feb 22 2024 19:19:40
{"Number":8192,"Message":"rtrim(): Passing null to parameter #1 ($string) of type string is deprecated","File":"C:\\xampp\\htdocs\\chicdressing_seo\\wp-includes\\formatting.php","Line":2831}

Feb 22 2024 19:19:40
{"Number":8192,"Message":"rtrim(): Passing null to parameter #1 ($string) of type string is deprecated","File":"C:\\xampp\\htdocs\\chicdressing_seo\\wp-includes\\formatting.php","Line":2831}

Feb 22 2024 19:19:40
{"Number":8192,"Message":"rtrim(): Passing null to parameter #1 ($string) of type string is deprecated","File":"C:\\xampp\\htdocs\\chicdressing_seo\\wp-includes\\formatting.php","Line":2831}

Feb 22 2024 19:19:40
{"Number":8192,"Message":"rtrim(): Passing null to parameter #1 ($string) of type string is deprecated","File":"C:\\xampp\\htdocs\\chicdressing_seo\\wp-includes\\formatting.php","Line":2831}

Feb 22 2024 19:19:40
{"Number":8192,"Message":"rtrim(): Passing null to parameter #1 ($string) of type string is deprecated","File":"C:\\xampp\\htdocs\\chicdressing_seo\\wp-includes\\formatting.php","Line":2831}

Feb 22 2024 19:19:40
{"Number":8192,"Message":"rtrim(): Passing null to parameter #1 ($string) of type string is deprecated","File":"C:\\xampp\\htdocs\\chicdressing_seo\\wp-includes\\formatting.php","Line":2831}

Feb 22 2024 19:19:40
{"Number":8192,"Message":"rtrim(): Passing null to parameter #1 ($string) of type string is deprecated","File":"C:\\xampp\\htdocs\\chicdressing_seo\\wp-includes\\formatting.php","Line":2831}

Feb 22 2024 19:19:40
{"Number":8192,"Message":"rtrim(): Passing null to parameter #1 ($string) of type string is deprecated","File":"C:\\xampp\\htdocs\\chicdressing_seo\\wp-includes\\formatting.php","Line":2831}

Feb 22 2024 19:19:40
{"Number":8192,"Message":"rtrim(): Passing null to parameter #1 ($string) of type string is deprecated","File":"C:\\xampp\\htdocs\\chicdressing_seo\\wp-includes\\formatting.php","Line":2831}

Feb 22 2024 19:19:40
{"Number":8192,"Message":"rtrim(): Passing null to parameter #1 ($string) of type string is deprecated","File":"C:\\xampp\\htdocs\\chicdressing_seo\\wp-includes\\formatting.php","Line":2831}

Feb 22 2024 19:19:40
{"Number":8192,"Message":"rtrim(): Passing null to parameter #1 ($string) of type string is deprecated","File":"C:\\xampp\\htdocs\\chicdressing_seo\\wp-includes\\formatting.php","Line":2831}

Feb 22 2024 19:19:40
{"Number":8192,"Message":"rtrim(): Passing null to parameter #1 ($string) of type string is deprecated","File":"C:\\xampp\\htdocs\\chicdressing_seo\\wp-includes\\formatting.php","Line":2831}

Feb 22 2024 19:19:40
{"Number":8192,"Message":"rtrim(): Passing null to parameter #1 ($string) of type string is deprecated","File":"C:\\xampp\\htdocs\\chicdressing_seo\\wp-includes\\formatting.php","Line":2831}

Feb 22 2024 19:19:40
{"Number":8192,"Message":"rtrim(): Passing null to parameter #1 ($string) of type string is deprecated","File":"C:\\xampp\\htdocs\\chicdressing_seo\\wp-includes\\formatting.php","Line":2831}

Feb 22 2024 19:19:40
{"Number":8192,"Message":"rtrim(): Passing null to parameter #1 ($string) of type string is deprecated","File":"C:\\xampp\\htdocs\\chicdressing_seo\\wp-includes\\formatting.php","Line":2831}

Feb 22 2024 19:19:40
{"Number":8192,"Message":"rtrim(): Passing null to parameter #1 ($string) of type string is deprecated","File":"C:\\xampp\\htdocs\\chicdressing_seo\\wp-includes\\formatting.php","Line":2831}

Feb 22 2024 19:19:40
{"Number":8192,"Message":"rtrim(): Passing null to parameter #1 ($string) of type string is deprecated","File":"C:\\xampp\\htdocs\\chicdressing_seo\\wp-includes\\formatting.php","Line":2831}

Feb 22 2024 19:19:40
{"Number":8192,"Message":"rtrim(): Passing null to parameter #1 ($string) of type string is deprecated","File":"C:\\xampp\\htdocs\\chicdressing_seo\\wp-includes\\formatting.php","Line":2831}

Feb 22 2024 19:19:40
{"Number":8192,"Message":"rtrim(): Passing null to parameter #1 ($string) of type string is deprecated","File":"C:\\xampp\\htdocs\\chicdressing_seo\\wp-includes\\formatting.php","Line":2831}

Feb 22 2024 19:19:40
{"Number":8192,"Message":"rtrim(): Passing null to parameter #1 ($string) of type string is deprecated","File":"C:\\xampp\\htdocs\\chicdressing_seo\\wp-includes\\formatting.php","Line":2831}

Feb 22 2024 19:19:40
{"Number":8192,"Message":"rtrim(): Passing null to parameter #1 ($string) of type string is deprecated","File":"C:\\xampp\\htdocs\\chicdressing_seo\\wp-includes\\formatting.php","Line":2831}

Feb 22 2024 19:19:40
{"Number":8192,"Message":"rtrim(): Passing null to parameter #1 ($string) of type string is deprecated","File":"C:\\xampp\\htdocs\\chicdressing_seo\\wp-includes\\formatting.php","Line":2831}

Feb 22 2024 19:19:40
{"Number":8192,"Message":"rtrim(): Passing null to parameter #1 ($string) of type string is deprecated","File":"C:\\xampp\\htdocs\\chicdressing_seo\\wp-includes\\formatting.php","Line":2831}

Feb 22 2024 19:19:40
{"Number":8192,"Message":"rtrim(): Passing null to parameter #1 ($string) of type string is deprecated","File":"C:\\xampp\\htdocs\\chicdressing_seo\\wp-includes\\formatting.php","Line":2831}

Feb 22 2024 19:19:52
{"Number":8192,"Message":"rtrim(): Passing null to parameter #1 ($string) of type string is deprecated","File":"C:\\xampp\\htdocs\\chicdressing_seo\\wp-includes\\formatting.php","Line":2831}

Feb 22 2024 19:19:52
{"Number":8192,"Message":"rtrim(): Passing null to parameter #1 ($string) of type string is deprecated","File":"C:\\xampp\\htdocs\\chicdressing_seo\\wp-includes\\formatting.php","Line":2831}

Feb 22 2024 19:19:52
{"Number":8192,"Message":"rtrim(): Passing null to parameter #1 ($string) of type string is deprecated","File":"C:\\xampp\\htdocs\\chicdressing_seo\\wp-includes\\formatting.php","Line":2831}

Feb 22 2024 19:19:52
{"Number":8192,"Message":"rtrim(): Passing null to parameter #1 ($string) of type string is deprecated","File":"C:\\xampp\\htdocs\\chicdressing_seo\\wp-includes\\formatting.php","Line":2831}

Feb 22 2024 19:19:52
{"Number":8192,"Message":"rtrim(): Passing null to parameter #1 ($string) of type string is deprecated","File":"C:\\xampp\\htdocs\\chicdressing_seo\\wp-includes\\formatting.php","Line":2831}

Feb 22 2024 19:19:52
{"Number":8192,"Message":"rtrim(): Passing null to parameter #1 ($string) of type string is deprecated","File":"C:\\xampp\\htdocs\\chicdressing_seo\\wp-includes\\formatting.php","Line":2831}

Feb 22 2024 19:19:52
{"Number":8192,"Message":"rtrim(): Passing null to parameter #1 ($string) of type string is deprecated","File":"C:\\xampp\\htdocs\\chicdressing_seo\\wp-includes\\formatting.php","Line":2831}

Feb 22 2024 19:19:52
{"Number":8192,"Message":"rtrim(): Passing null to parameter #1 ($string) of type string is deprecated","File":"C:\\xampp\\htdocs\\chicdressing_seo\\wp-includes\\formatting.php","Line":2831}

Feb 22 2024 19:19:52
{"Number":8192,"Message":"rtrim(): Passing null to parameter #1 ($string) of type string is deprecated","File":"C:\\xampp\\htdocs\\chicdressing_seo\\wp-includes\\formatting.php","Line":2831}

Feb 22 2024 19:19:52
{"Number":8192,"Message":"rtrim(): Passing null to parameter #1 ($string) of type string is deprecated","File":"C:\\xampp\\htdocs\\chicdressing_seo\\wp-includes\\formatting.php","Line":2831}

Feb 22 2024 19:19:52
{"Number":8192,"Message":"rtrim(): Passing null to parameter #1 ($string) of type string is deprecated","File":"C:\\xampp\\htdocs\\chicdressing_seo\\wp-includes\\formatting.php","Line":2831}

Feb 22 2024 19:19:52
{"Number":8192,"Message":"rtrim(): Passing null to parameter #1 ($string) of type string is deprecated","File":"C:\\xampp\\htdocs\\chicdressing_seo\\wp-includes\\formatting.php","Line":2831}

Feb 22 2024 19:19:52
{"Number":8192,"Message":"rtrim(): Passing null to parameter #1 ($string) of type string is deprecated","File":"C:\\xampp\\htdocs\\chicdressing_seo\\wp-includes\\formatting.php","Line":2831}

Feb 22 2024 19:19:52
{"Number":8192,"Message":"rtrim(): Passing null to parameter #1 ($string) of type string is deprecated","File":"C:\\xampp\\htdocs\\chicdressing_seo\\wp-includes\\formatting.php","Line":2831}

Feb 22 2024 19:19:52
{"Number":8192,"Message":"rtrim(): Passing null to parameter #1 ($string) of type string is deprecated","File":"C:\\xampp\\htdocs\\chicdressing_seo\\wp-includes\\formatting.php","Line":2831}

Feb 22 2024 19:19:52
{"Number":8192,"Message":"rtrim(): Passing null to parameter #1 ($string) of type string is deprecated","File":"C:\\xampp\\htdocs\\chicdressing_seo\\wp-includes\\formatting.php","Line":2831}

Feb 22 2024 19:19:52
{"Number":8192,"Message":"rtrim(): Passing null to parameter #1 ($string) of type string is deprecated","File":"C:\\xampp\\htdocs\\chicdressing_seo\\wp-includes\\formatting.php","Line":2831}

Feb 22 2024 19:19:52
{"Number":8192,"Message":"rtrim(): Passing null to parameter #1 ($string) of type string is deprecated","File":"C:\\xampp\\htdocs\\chicdressing_seo\\wp-includes\\formatting.php","Line":2831}

Feb 22 2024 19:19:52
{"Number":8192,"Message":"rtrim(): Passing null to parameter #1 ($string) of type string is deprecated","File":"C:\\xampp\\htdocs\\chicdressing_seo\\wp-includes\\formatting.php","Line":2831}

Feb 22 2024 19:19:52
{"Number":8192,"Message":"rtrim(): Passing null to parameter #1 ($string) of type string is deprecated","File":"C:\\xampp\\htdocs\\chicdressing_seo\\wp-includes\\formatting.php","Line":2831}

Feb 22 2024 19:19:52
{"Number":8192,"Message":"rtrim(): Passing null to parameter #1 ($string) of type string is deprecated","File":"C:\\xampp\\htdocs\\chicdressing_seo\\wp-includes\\formatting.php","Line":2831}

Feb 22 2024 19:19:52
{"Number":8192,"Message":"rtrim(): Passing null to parameter #1 ($string) of type string is deprecated","File":"C:\\xampp\\htdocs\\chicdressing_seo\\wp-includes\\formatting.php","Line":2831}

Feb 22 2024 19:19:52
{"Number":8192,"Message":"rtrim(): Passing null to parameter #1 ($string) of type string is deprecated","File":"C:\\xampp\\htdocs\\chicdressing_seo\\wp-includes\\formatting.php","Line":2831}

Feb 22 2024 19:19:52
{"Number":8192,"Message":"rtrim(): Passing null to parameter #1 ($string) of type string is deprecated","File":"C:\\xampp\\htdocs\\chicdressing_seo\\wp-includes\\formatting.php","Line":2831}

Feb 22 2024 19:19:52
{"Number":8192,"Message":"rtrim(): Passing null to parameter #1 ($string) of type string is deprecated","File":"C:\\xampp\\htdocs\\chicdressing_seo\\wp-includes\\formatting.php","Line":2831}

Feb 22 2024 19:19:52
{"Number":8192,"Message":"rtrim(): Passing null to parameter #1 ($string) of type string is deprecated","File":"C:\\xampp\\htdocs\\chicdressing_seo\\wp-includes\\formatting.php","Line":2831}

Feb 22 2024 19:19:52
{"Number":8192,"Message":"rtrim(): Passing null to parameter #1 ($string) of type string is deprecated","File":"C:\\xampp\\htdocs\\chicdressing_seo\\wp-includes\\formatting.php","Line":2831}

Feb 22 2024 19:19:52
{"Number":8192,"Message":"rtrim(): Passing null to parameter #1 ($string) of type string is deprecated","File":"C:\\xampp\\htdocs\\chicdressing_seo\\wp-includes\\formatting.php","Line":2831}

Feb 22 2024 19:19:52
{"Number":8192,"Message":"rtrim(): Passing null to parameter #1 ($string) of type string is deprecated","File":"C:\\xampp\\htdocs\\chicdressing_seo\\wp-includes\\formatting.php","Line":2831}

Feb 22 2024 19:19:52
{"Number":8192,"Message":"rtrim(): Passing null to parameter #1 ($string) of type string is deprecated","File":"C:\\xampp\\htdocs\\chicdressing_seo\\wp-includes\\formatting.php","Line":2831}

Feb 22 2024 19:20:03
{"Number":8192,"Message":"rtrim(): Passing null to parameter #1 ($string) of type string is deprecated","File":"C:\\xampp\\htdocs\\chicdressing_seo\\wp-includes\\formatting.php","Line":2831}

Feb 22 2024 19:20:03
{"Number":8192,"Message":"rtrim(): Passing null to parameter #1 ($string) of type string is deprecated","File":"C:\\xampp\\htdocs\\chicdressing_seo\\wp-includes\\formatting.php","Line":2831}

Feb 22 2024 19:20:03
{"Number":8192,"Message":"rtrim(): Passing null to parameter #1 ($string) of type string is deprecated","File":"C:\\xampp\\htdocs\\chicdressing_seo\\wp-includes\\formatting.php","Line":2831}

Feb 22 2024 19:20:03
{"Number":8192,"Message":"rtrim(): Passing null to parameter #1 ($string) of type string is deprecated","File":"C:\\xampp\\htdocs\\chicdressing_seo\\wp-includes\\formatting.php","Line":2831}

Feb 22 2024 19:20:03
{"Number":8192,"Message":"rtrim(): Passing null to parameter #1 ($string) of type string is deprecated","File":"C:\\xampp\\htdocs\\chicdressing_seo\\wp-includes\\formatting.php","Line":2831}

Feb 22 2024 19:20:03
{"Number":8192,"Message":"rtrim(): Passing null to parameter #1 ($string) of type string is deprecated","File":"C:\\xampp\\htdocs\\chicdressing_seo\\wp-includes\\formatting.php","Line":2831}

Feb 22 2024 19:20:03
{"Number":8192,"Message":"rtrim(): Passing null to parameter #1 ($string) of type string is deprecated","File":"C:\\xampp\\htdocs\\chicdressing_seo\\wp-includes\\formatting.php","Line":2831}

Feb 22 2024 19:20:03
{"Number":8192,"Message":"rtrim(): Passing null to parameter #1 ($string) of type string is deprecated","File":"C:\\xampp\\htdocs\\chicdressing_seo\\wp-includes\\formatting.php","Line":2831}

Feb 22 2024 19:20:03
{"Number":8192,"Message":"rtrim(): Passing null to parameter #1 ($string) of type string is deprecated","File":"C:\\xampp\\htdocs\\chicdressing_seo\\wp-includes\\formatting.php","Line":2831}

Feb 22 2024 19:20:03
{"Number":8192,"Message":"rtrim(): Passing null to parameter #1 ($string) of type string is deprecated","File":"C:\\xampp\\htdocs\\chicdressing_seo\\wp-includes\\formatting.php","Line":2831}

Feb 22 2024 19:20:03
{"Number":8192,"Message":"rtrim(): Passing null to parameter #1 ($string) of type string is deprecated","File":"C:\\xampp\\htdocs\\chicdressing_seo\\wp-includes\\formatting.php","Line":2831}

Feb 22 2024 19:20:03
{"Number":8192,"Message":"rtrim(): Passing null to parameter #1 ($string) of type string is deprecated","File":"C:\\xampp\\htdocs\\chicdressing_seo\\wp-includes\\formatting.php","Line":2831}

Feb 22 2024 19:20:03
{"Number":8192,"Message":"rtrim(): Passing null to parameter #1 ($string) of type string is deprecated","File":"C:\\xampp\\htdocs\\chicdressing_seo\\wp-includes\\formatting.php","Line":2831}

Feb 22 2024 19:20:03
{"Number":8192,"Message":"rtrim(): Passing null to parameter #1 ($string) of type string is deprecated","File":"C:\\xampp\\htdocs\\chicdressing_seo\\wp-includes\\formatting.php","Line":2831}

Feb 22 2024 19:20:03
{"Number":8192,"Message":"rtrim(): Passing null to parameter #1 ($string) of type string is deprecated","File":"C:\\xampp\\htdocs\\chicdressing_seo\\wp-includes\\formatting.php","Line":2831}

Feb 22 2024 19:20:03
{"Number":8192,"Message":"rtrim(): Passing null to parameter #1 ($string) of type string is deprecated","File":"C:\\xampp\\htdocs\\chicdressing_seo\\wp-includes\\formatting.php","Line":2831}

Feb 22 2024 19:20:03
{"Number":8192,"Message":"rtrim(): Passing null to parameter #1 ($string) of type string is deprecated","File":"C:\\xampp\\htdocs\\chicdressing_seo\\wp-includes\\formatting.php","Line":2831}

Feb 22 2024 19:20:03
{"Number":8192,"Message":"rtrim(): Passing null to parameter #1 ($string) of type string is deprecated","File":"C:\\xampp\\htdocs\\chicdressing_seo\\wp-includes\\formatting.php","Line":2831}

Feb 22 2024 19:20:03
{"Number":8192,"Message":"rtrim(): Passing null to parameter #1 ($string) of type string is deprecated","File":"C:\\xampp\\htdocs\\chicdressing_seo\\wp-includes\\formatting.php","Line":2831}

Feb 22 2024 19:20:03
{"Number":8192,"Message":"rtrim(): Passing null to parameter #1 ($string) of type string is deprecated","File":"C:\\xampp\\htdocs\\chicdressing_seo\\wp-includes\\formatting.php","Line":2831}

Feb 22 2024 19:20:03
{"Number":8192,"Message":"rtrim(): Passing null to parameter #1 ($string) of type string is deprecated","File":"C:\\xampp\\htdocs\\chicdressing_seo\\wp-includes\\formatting.php","Line":2831}

Feb 22 2024 19:20:03
{"Number":8192,"Message":"rtrim(): Passing null to parameter #1 ($string) of type string is deprecated","File":"C:\\xampp\\htdocs\\chicdressing_seo\\wp-includes\\formatting.php","Line":2831}

Feb 22 2024 19:20:03
{"Number":8192,"Message":"rtrim(): Passing null to parameter #1 ($string) of type string is deprecated","File":"C:\\xampp\\htdocs\\chicdressing_seo\\wp-includes\\formatting.php","Line":2831}

Feb 22 2024 19:20:03
{"Number":8192,"Message":"rtrim(): Passing null to parameter #1 ($string) of type string is deprecated","File":"C:\\xampp\\htdocs\\chicdressing_seo\\wp-includes\\formatting.php","Line":2831}

Feb 22 2024 19:20:03
{"Number":8192,"Message":"rtrim(): Passing null to parameter #1 ($string) of type string is deprecated","File":"C:\\xampp\\htdocs\\chicdressing_seo\\wp-includes\\formatting.php","Line":2831}

Feb 22 2024 19:20:03
{"Number":8192,"Message":"rtrim(): Passing null to parameter #1 ($string) of type string is deprecated","File":"C:\\xampp\\htdocs\\chicdressing_seo\\wp-includes\\formatting.php","Line":2831}

Feb 22 2024 19:20:03
{"Number":8192,"Message":"rtrim(): Passing null to parameter #1 ($string) of type string is deprecated","File":"C:\\xampp\\htdocs\\chicdressing_seo\\wp-includes\\formatting.php","Line":2831}

Feb 22 2024 19:20:03
{"Number":8192,"Message":"rtrim(): Passing null to parameter #1 ($string) of type string is deprecated","File":"C:\\xampp\\htdocs\\chicdressing_seo\\wp-includes\\formatting.php","Line":2831}

Feb 22 2024 19:20:03
{"Number":8192,"Message":"rtrim(): Passing null to parameter #1 ($string) of type string is deprecated","File":"C:\\xampp\\htdocs\\chicdressing_seo\\wp-includes\\formatting.php","Line":2831}

Feb 22 2024 19:20:03
{"Number":8192,"Message":"rtrim(): Passing null to parameter #1 ($string) of type string is deprecated","File":"C:\\xampp\\htdocs\\chicdressing_seo\\wp-includes\\formatting.php","Line":2831}

Feb 22 2024 19:20:22
{"Number":8192,"Message":"rtrim(): Passing null to parameter #1 ($string) of type string is deprecated","File":"C:\\xampp\\htdocs\\chicdressing_seo\\wp-includes\\formatting.php","Line":2831}

Feb 22 2024 19:20:22
{"Number":8192,"Message":"rtrim(): Passing null to parameter #1 ($string) of type string is deprecated","File":"C:\\xampp\\htdocs\\chicdressing_seo\\wp-includes\\formatting.php","Line":2831}

Feb 22 2024 19:20:22
{"Number":8192,"Message":"rtrim(): Passing null to parameter #1 ($string) of type string is deprecated","File":"C:\\xampp\\htdocs\\chicdressing_seo\\wp-includes\\formatting.php","Line":2831}

Feb 22 2024 19:20:22
{"Number":8192,"Message":"rtrim(): Passing null to parameter #1 ($string) of type string is deprecated","File":"C:\\xampp\\htdocs\\chicdressing_seo\\wp-includes\\formatting.php","Line":2831}

Feb 22 2024 19:20:22
{"Number":8192,"Message":"rtrim(): Passing null to parameter #1 ($string) of type string is deprecated","File":"C:\\xampp\\htdocs\\chicdressing_seo\\wp-includes\\formatting.php","Line":2831}

Feb 22 2024 19:20:22
{"Number":8192,"Message":"rtrim(): Passing null to parameter #1 ($string) of type string is deprecated","File":"C:\\xampp\\htdocs\\chicdressing_seo\\wp-includes\\formatting.php","Line":2831}

Feb 22 2024 19:20:22
{"Number":8192,"Message":"rtrim(): Passing null to parameter #1 ($string) of type string is deprecated","File":"C:\\xampp\\htdocs\\chicdressing_seo\\wp-includes\\formatting.php","Line":2831}

Feb 22 2024 19:20:22
{"Number":8192,"Message":"rtrim(): Passing null to parameter #1 ($string) of type string is deprecated","File":"C:\\xampp\\htdocs\\chicdressing_seo\\wp-includes\\formatting.php","Line":2831}

Feb 22 2024 19:20:22
{"Number":8192,"Message":"rtrim(): Passing null to parameter #1 ($string) of type string is deprecated","File":"C:\\xampp\\htdocs\\chicdressing_seo\\wp-includes\\formatting.php","Line":2831}

Feb 22 2024 19:20:22
{"Number":8192,"Message":"rtrim(): Passing null to parameter #1 ($string) of type string is deprecated","File":"C:\\xampp\\htdocs\\chicdressing_seo\\wp-includes\\formatting.php","Line":2831}

Feb 22 2024 19:20:22
{"Number":8192,"Message":"rtrim(): Passing null to parameter #1 ($string) of type string is deprecated","File":"C:\\xampp\\htdocs\\chicdressing_seo\\wp-includes\\formatting.php","Line":2831}

Feb 22 2024 19:20:22
{"Number":8192,"Message":"rtrim(): Passing null to parameter #1 ($string) of type string is deprecated","File":"C:\\xampp\\htdocs\\chicdressing_seo\\wp-includes\\formatting.php","Line":2831}

Feb 22 2024 19:20:22
{"Number":8192,"Message":"rtrim(): Passing null to parameter #1 ($string) of type string is deprecated","File":"C:\\xampp\\htdocs\\chicdressing_seo\\wp-includes\\formatting.php","Line":2831}

Feb 22 2024 19:20:22
{"Number":8192,"Message":"rtrim(): Passing null to parameter #1 ($string) of type string is deprecated","File":"C:\\xampp\\htdocs\\chicdressing_seo\\wp-includes\\formatting.php","Line":2831}

Feb 22 2024 19:20:22
{"Number":8192,"Message":"rtrim(): Passing null to parameter #1 ($string) of type string is deprecated","File":"C:\\xampp\\htdocs\\chicdressing_seo\\wp-includes\\formatting.php","Line":2831}

Feb 22 2024 19:20:22
{"Number":8192,"Message":"rtrim(): Passing null to parameter #1 ($string) of type string is deprecated","File":"C:\\xampp\\htdocs\\chicdressing_seo\\wp-includes\\formatting.php","Line":2831}

Feb 22 2024 19:20:22
{"Number":8192,"Message":"rtrim(): Passing null to parameter #1 ($string) of type string is deprecated","File":"C:\\xampp\\htdocs\\chicdressing_seo\\wp-includes\\formatting.php","Line":2831}

Feb 22 2024 19:20:22
{"Number":8192,"Message":"rtrim(): Passing null to parameter #1 ($string) of type string is deprecated","File":"C:\\xampp\\htdocs\\chicdressing_seo\\wp-includes\\formatting.php","Line":2831}

Feb 22 2024 19:20:22
{"Number":8192,"Message":"rtrim(): Passing null to parameter #1 ($string) of type string is deprecated","File":"C:\\xampp\\htdocs\\chicdressing_seo\\wp-includes\\formatting.php","Line":2831}

Feb 22 2024 19:20:22
{"Number":8192,"Message":"rtrim(): Passing null to parameter #1 ($string) of type string is deprecated","File":"C:\\xampp\\htdocs\\chicdressing_seo\\wp-includes\\formatting.php","Line":2831}

Feb 22 2024 19:20:22
{"Number":8192,"Message":"rtrim(): Passing null to parameter #1 ($string) of type string is deprecated","File":"C:\\xampp\\htdocs\\chicdressing_seo\\wp-includes\\formatting.php","Line":2831}

Feb 22 2024 19:20:22
{"Number":8192,"Message":"rtrim(): Passing null to parameter #1 ($string) of type string is deprecated","File":"C:\\xampp\\htdocs\\chicdressing_seo\\wp-includes\\formatting.php","Line":2831}

Feb 22 2024 19:20:22
{"Number":8192,"Message":"rtrim(): Passing null to parameter #1 ($string) of type string is deprecated","File":"C:\\xampp\\htdocs\\chicdressing_seo\\wp-includes\\formatting.php","Line":2831}

Feb 22 2024 19:20:22
{"Number":8192,"Message":"rtrim(): Passing null to parameter #1 ($string) of type string is deprecated","File":"C:\\xampp\\htdocs\\chicdressing_seo\\wp-includes\\formatting.php","Line":2831}

Feb 22 2024 19:20:22
{"Number":8192,"Message":"rtrim(): Passing null to parameter #1 ($string) of type string is deprecated","File":"C:\\xampp\\htdocs\\chicdressing_seo\\wp-includes\\formatting.php","Line":2831}

Feb 22 2024 19:20:22
{"Number":8192,"Message":"rtrim(): Passing null to parameter #1 ($string) of type string is deprecated","File":"C:\\xampp\\htdocs\\chicdressing_seo\\wp-includes\\formatting.php","Line":2831}

Feb 22 2024 19:20:22
{"Number":8192,"Message":"rtrim(): Passing null to parameter #1 ($string) of type string is deprecated","File":"C:\\xampp\\htdocs\\chicdressing_seo\\wp-includes\\formatting.php","Line":2831}

Feb 22 2024 19:20:22
{"Number":8192,"Message":"rtrim(): Passing null to parameter #1 ($string) of type string is deprecated","File":"C:\\xampp\\htdocs\\chicdressing_seo\\wp-includes\\formatting.php","Line":2831}

Feb 22 2024 19:20:22
{"Number":8192,"Message":"rtrim(): Passing null to parameter #1 ($string) of type string is deprecated","File":"C:\\xampp\\htdocs\\chicdressing_seo\\wp-includes\\formatting.php","Line":2831}

Feb 22 2024 19:20:22
{"Number":8192,"Message":"rtrim(): Passing null to parameter #1 ($string) of type string is deprecated","File":"C:\\xampp\\htdocs\\chicdressing_seo\\wp-includes\\formatting.php","Line":2831}

Feb 22 2024 19:20:34
{"Number":8192,"Message":"rtrim(): Passing null to parameter #1 ($string) of type string is deprecated","File":"C:\\xampp\\htdocs\\chicdressing_seo\\wp-includes\\formatting.php","Line":2831}

Feb 22 2024 19:20:34
{"Number":8192,"Message":"rtrim(): Passing null to parameter #1 ($string) of type string is deprecated","File":"C:\\xampp\\htdocs\\chicdressing_seo\\wp-includes\\formatting.php","Line":2831}

Feb 22 2024 19:20:34
{"Number":8192,"Message":"rtrim(): Passing null to parameter #1 ($string) of type string is deprecated","File":"C:\\xampp\\htdocs\\chicdressing_seo\\wp-includes\\formatting.php","Line":2831}

Feb 22 2024 19:20:34
{"Number":8192,"Message":"rtrim(): Passing null to parameter #1 ($string) of type string is deprecated","File":"C:\\xampp\\htdocs\\chicdressing_seo\\wp-includes\\formatting.php","Line":2831}

Feb 22 2024 19:20:34
{"Number":8192,"Message":"rtrim(): Passing null to parameter #1 ($string) of type string is deprecated","File":"C:\\xampp\\htdocs\\chicdressing_seo\\wp-includes\\formatting.php","Line":2831}

Feb 22 2024 19:20:34
{"Number":8192,"Message":"rtrim(): Passing null to parameter #1 ($string) of type string is deprecated","File":"C:\\xampp\\htdocs\\chicdressing_seo\\wp-includes\\formatting.php","Line":2831}

Feb 22 2024 19:20:34
{"Number":8192,"Message":"rtrim(): Passing null to parameter #1 ($string) of type string is deprecated","File":"C:\\xampp\\htdocs\\chicdressing_seo\\wp-includes\\formatting.php","Line":2831}

Feb 22 2024 19:20:34
{"Number":8192,"Message":"rtrim(): Passing null to parameter #1 ($string) of type string is deprecated","File":"C:\\xampp\\htdocs\\chicdressing_seo\\wp-includes\\formatting.php","Line":2831}

Feb 22 2024 19:20:34
{"Number":8192,"Message":"rtrim(): Passing null to parameter #1 ($string) of type string is deprecated","File":"C:\\xampp\\htdocs\\chicdressing_seo\\wp-includes\\formatting.php","Line":2831}

Feb 22 2024 19:20:34
{"Number":8192,"Message":"rtrim(): Passing null to parameter #1 ($string) of type string is deprecated","File":"C:\\xampp\\htdocs\\chicdressing_seo\\wp-includes\\formatting.php","Line":2831}

Feb 22 2024 19:20:34
{"Number":8192,"Message":"rtrim(): Passing null to parameter #1 ($string) of type string is deprecated","File":"C:\\xampp\\htdocs\\chicdressing_seo\\wp-includes\\formatting.php","Line":2831}

Feb 22 2024 19:20:34
{"Number":8192,"Message":"rtrim(): Passing null to parameter #1 ($string) of type string is deprecated","File":"C:\\xampp\\htdocs\\chicdressing_seo\\wp-includes\\formatting.php","Line":2831}

Feb 22 2024 19:20:34
{"Number":8192,"Message":"rtrim(): Passing null to parameter #1 ($string) of type string is deprecated","File":"C:\\xampp\\htdocs\\chicdressing_seo\\wp-includes\\formatting.php","Line":2831}

Feb 22 2024 19:20:34
{"Number":8192,"Message":"rtrim(): Passing null to parameter #1 ($string) of type string is deprecated","File":"C:\\xampp\\htdocs\\chicdressing_seo\\wp-includes\\formatting.php","Line":2831}

Feb 22 2024 19:20:34
{"Number":8192,"Message":"rtrim(): Passing null to parameter #1 ($string) of type string is deprecated","File":"C:\\xampp\\htdocs\\chicdressing_seo\\wp-includes\\formatting.php","Line":2831}

Feb 22 2024 19:20:34
{"Number":8192,"Message":"rtrim(): Passing null to parameter #1 ($string) of type string is deprecated","File":"C:\\xampp\\htdocs\\chicdressing_seo\\wp-includes\\formatting.php","Line":2831}

Feb 22 2024 19:20:34
{"Number":8192,"Message":"rtrim(): Passing null to parameter #1 ($string) of type string is deprecated","File":"C:\\xampp\\htdocs\\chicdressing_seo\\wp-includes\\formatting.php","Line":2831}

Feb 22 2024 19:20:34
{"Number":8192,"Message":"rtrim(): Passing null to parameter #1 ($string) of type string is deprecated","File":"C:\\xampp\\htdocs\\chicdressing_seo\\wp-includes\\formatting.php","Line":2831}

Feb 22 2024 19:20:34
{"Number":8192,"Message":"rtrim(): Passing null to parameter #1 ($string) of type string is deprecated","File":"C:\\xampp\\htdocs\\chicdressing_seo\\wp-includes\\formatting.php","Line":2831}

Feb 22 2024 19:20:34
{"Number":8192,"Message":"rtrim(): Passing null to parameter #1 ($string) of type string is deprecated","File":"C:\\xampp\\htdocs\\chicdressing_seo\\wp-includes\\formatting.php","Line":2831}

Feb 22 2024 19:20:34
{"Number":8192,"Message":"rtrim(): Passing null to parameter #1 ($string) of type string is deprecated","File":"C:\\xampp\\htdocs\\chicdressing_seo\\wp-includes\\formatting.php","Line":2831}

Feb 22 2024 19:20:34
{"Number":8192,"Message":"rtrim(): Passing null to parameter #1 ($string) of type string is deprecated","File":"C:\\xampp\\htdocs\\chicdressing_seo\\wp-includes\\formatting.php","Line":2831}

Feb 22 2024 19:20:34
{"Number":8192,"Message":"rtrim(): Passing null to parameter #1 ($string) of type string is deprecated","File":"C:\\xampp\\htdocs\\chicdressing_seo\\wp-includes\\formatting.php","Line":2831}

Feb 22 2024 19:20:34
{"Number":8192,"Message":"rtrim(): Passing null to parameter #1 ($string) of type string is deprecated","File":"C:\\xampp\\htdocs\\chicdressing_seo\\wp-includes\\formatting.php","Line":2831}

Feb 22 2024 19:20:34
{"Number":8192,"Message":"rtrim(): Passing null to parameter #1 ($string) of type string is deprecated","File":"C:\\xampp\\htdocs\\chicdressing_seo\\wp-includes\\formatting.php","Line":2831}

Feb 22 2024 19:20:34
{"Number":8192,"Message":"rtrim(): Passing null to parameter #1 ($string) of type string is deprecated","File":"C:\\xampp\\htdocs\\chicdressing_seo\\wp-includes\\formatting.php","Line":2831}

Feb 22 2024 19:20:34
{"Number":8192,"Message":"rtrim(): Passing null to parameter #1 ($string) of type string is deprecated","File":"C:\\xampp\\htdocs\\chicdressing_seo\\wp-includes\\formatting.php","Line":2831}

Feb 22 2024 19:20:34
{"Number":8192,"Message":"rtrim(): Passing null to parameter #1 ($string) of type string is deprecated","File":"C:\\xampp\\htdocs\\chicdressing_seo\\wp-includes\\formatting.php","Line":2831}

Feb 22 2024 19:20:34
{"Number":8192,"Message":"rtrim(): Passing null to parameter #1 ($string) of type string is deprecated","File":"C:\\xampp\\htdocs\\chicdressing_seo\\wp-includes\\formatting.php","Line":2831}

Feb 22 2024 19:20:34
{"Number":8192,"Message":"rtrim(): Passing null to parameter #1 ($string) of type string is deprecated","File":"C:\\xampp\\htdocs\\chicdressing_seo\\wp-includes\\formatting.php","Line":2831}

Feb 22 2024 19:20:41
{"Number":8192,"Message":"Return type of ActionScheduler_DateTime::setTimezone($timezone) should either be compatible with DateTime::setTimezone(DateTimeZone $timezone): DateTime, or the #[\\ReturnTypeWillChange] attribute should be used to temporarily suppress the notice","File":"C:\\xampp\\htdocs\\chicdressing_seo\\wp-content\\plugins\\woocommerce\\packages\\action-scheduler\\classes\\ActionScheduler_DateTime.php","Line":60}

Feb 22 2024 19:20:41
{"Number":8192,"Message":"Return type of ActionScheduler_DateTime::getOffset() should either be compatible with DateTime::getOffset(): int, or the #[\\ReturnTypeWillChange] attribute should be used to temporarily suppress the notice","File":"C:\\xampp\\htdocs\\chicdressing_seo\\wp-content\\plugins\\woocommerce\\packages\\action-scheduler\\classes\\ActionScheduler_DateTime.php","Line":48}

Feb 22 2024 19:20:41
{"Number":8192,"Message":"Return type of ActionScheduler_DateTime::getTimestamp() should either be compatible with DateTime::getTimestamp(): int, or the #[\\ReturnTypeWillChange] attribute should be used to temporarily suppress the notice","File":"C:\\xampp\\htdocs\\chicdressing_seo\\wp-content\\plugins\\woocommerce\\packages\\action-scheduler\\classes\\ActionScheduler_DateTime.php","Line":27}

Feb 22 2024 19:20:41
{"Number":8192,"Message":"DateTime::__construct(): Passing null to parameter #1 ($datetime) of type string is deprecated","File":"C:\\xampp\\htdocs\\chicdressing_seo\\wp-content\\plugins\\woocommerce\\packages\\action-scheduler\\functions.php","Line":316}

Feb 22 2024 19:20:41
{"type":8192,"message":"Creation of dynamic property WC_Cart::$coupon_discount_tax_totals is deprecated","file":"C:\\xampp\\htdocs\\chicdressing_seo\\wp-content\\plugins\\woocommerce\\includes\\legacy\\class-wc-legacy-cart.php","line":266}

Feb 22 2024 19:20:42
{"Number":8192,"Message":"Return type of ActionScheduler_DateTime::setTimezone($timezone) should either be compatible with DateTime::setTimezone(DateTimeZone $timezone): DateTime, or the #[\\ReturnTypeWillChange] attribute should be used to temporarily suppress the notice","File":"C:\\xampp\\htdocs\\chicdressing_seo\\wp-content\\plugins\\woocommerce\\packages\\action-scheduler\\classes\\ActionScheduler_DateTime.php","Line":60}

Feb 22 2024 19:20:42
{"Number":8192,"Message":"Return type of ActionScheduler_DateTime::getOffset() should either be compatible with DateTime::getOffset(): int, or the #[\\ReturnTypeWillChange] attribute should be used to temporarily suppress the notice","File":"C:\\xampp\\htdocs\\chicdressing_seo\\wp-content\\plugins\\woocommerce\\packages\\action-scheduler\\classes\\ActionScheduler_DateTime.php","Line":48}

Feb 22 2024 19:20:42
{"Number":8192,"Message":"Return type of ActionScheduler_DateTime::getTimestamp() should either be compatible with DateTime::getTimestamp(): int, or the #[\\ReturnTypeWillChange] attribute should be used to temporarily suppress the notice","File":"C:\\xampp\\htdocs\\chicdressing_seo\\wp-content\\plugins\\woocommerce\\packages\\action-scheduler\\classes\\ActionScheduler_DateTime.php","Line":27}

Feb 22 2024 19:20:42
{"Number":8192,"Message":"DateTime::__construct(): Passing null to parameter #1 ($datetime) of type string is deprecated","File":"C:\\xampp\\htdocs\\chicdressing_seo\\wp-content\\plugins\\woocommerce\\packages\\action-scheduler\\functions.php","Line":316}

Feb 22 2024 19:20:42
{"type":8192,"message":"Creation of dynamic property WC_Cart::$coupon_discount_tax_totals is deprecated","file":"C:\\xampp\\htdocs\\chicdressing_seo\\wp-content\\plugins\\woocommerce\\includes\\legacy\\class-wc-legacy-cart.php","line":266}

